mode: count
github.com/jinagamvasubabu/polyfuse/geometry_utils.go:49.102,58.16 9 4
github.com/jinagamvasubabu/polyfuse/geometry_utils.go:62.2,62.34 1 3
github.com/jinagamvasubabu/polyfuse/geometry_utils.go:82.2,82.20 1 3
github.com/jinagamvasubabu/polyfuse/geometry_utils.go:85.2,87.22 3 3
github.com/jinagamvasubabu/polyfuse/geometry_utils.go:58.16,61.3 2 1
github.com/jinagamvasubabu/polyfuse/geometry_utils.go:62.34,67.22 4 5
github.com/jinagamvasubabu/polyfuse/geometry_utils.go:67.22,69.4 1 0
github.com/jinagamvasubabu/polyfuse/geometry_utils.go:69.9,69.48 1 5
github.com/jinagamvasubabu/polyfuse/geometry_utils.go:69.48,71.4 1 1
github.com/jinagamvasubabu/polyfuse/geometry_utils.go:71.9,71.47 1 4
github.com/jinagamvasubabu/polyfuse/geometry_utils.go:71.47,74.4 2 1
github.com/jinagamvasubabu/polyfuse/geometry_utils.go:74.9,74.43 1 3
github.com/jinagamvasubabu/polyfuse/geometry_utils.go:74.43,76.31 2 0
github.com/jinagamvasubabu/polyfuse/geometry_utils.go:76.31,79.5 2 0
github.com/jinagamvasubabu/polyfuse/geometry_utils.go:82.20,84.3 1 3
github.com/jinagamvasubabu/polyfuse/geometry_utils.go:90.99,96.26 6 4
github.com/jinagamvasubabu/polyfuse/geometry_utils.go:100.2,102.38 3 4
github.com/jinagamvasubabu/polyfuse/geometry_utils.go:110.2,110.54 1 4
github.com/jinagamvasubabu/polyfuse/geometry_utils.go:114.2,114.21 1 3
github.com/jinagamvasubabu/polyfuse/geometry_utils.go:96.26,99.3 2 8
github.com/jinagamvasubabu/polyfuse/geometry_utils.go:102.38,104.29 2 8
github.com/jinagamvasubabu/polyfuse/geometry_utils.go:104.29,106.4 1 3
github.com/jinagamvasubabu/polyfuse/geometry_utils.go:106.9,108.4 1 5
github.com/jinagamvasubabu/polyfuse/geometry_utils.go:110.54,113.3 2 1
github.com/jinagamvasubabu/polyfuse/geometry_utils.go:117.75,119.16 2 8
github.com/jinagamvasubabu/polyfuse/geometry_utils.go:124.2,124.37 1 8
github.com/jinagamvasubabu/polyfuse/geometry_utils.go:119.16,121.3 1 0
github.com/jinagamvasubabu/polyfuse/geometry_utils.go:121.8,123.3 1 8
github.com/jinagamvasubabu/polyfuse/geometry_utils.go:124.37,126.17 2 8
github.com/jinagamvasubabu/polyfuse/geometry_utils.go:130.3,132.17 3 8
github.com/jinagamvasubabu/polyfuse/geometry_utils.go:136.3,136.24 1 8
github.com/jinagamvasubabu/polyfuse/geometry_utils.go:140.3,140.44 1 5
github.com/jinagamvasubabu/polyfuse/geometry_utils.go:126.17,129.4 2 0
github.com/jinagamvasubabu/polyfuse/geometry_utils.go:132.17,135.4 2 0
github.com/jinagamvasubabu/polyfuse/geometry_utils.go:136.24,139.4 2 3
github.com/jinagamvasubabu/polyfuse/geometry_utils.go:145.61,147.32 2 1
github.com/jinagamvasubabu/polyfuse/geometry_utils.go:153.2,153.23 1 0
github.com/jinagamvasubabu/polyfuse/geometry_utils.go:147.32,148.15 1 1
github.com/jinagamvasubabu/polyfuse/geometry_utils.go:151.3,151.19 1 0
github.com/jinagamvasubabu/polyfuse/geometry_utils.go:148.15,150.4 1 1
github.com/jinagamvasubabu/polyfuse/geometry_utils.go:156.52,158.41 2 3
github.com/jinagamvasubabu/polyfuse/geometry_utils.go:164.2,166.36 3 3
github.com/jinagamvasubabu/polyfuse/geometry_utils.go:158.41,159.15 1 5
github.com/jinagamvasubabu/polyfuse/geometry_utils.go:162.3,162.21 1 2
github.com/jinagamvasubabu/polyfuse/geometry_utils.go:159.15,160.9 1 3
github.com/jinagamvasubabu/polyfuse/geometry_utils.go:169.55,172.2 2 4
